<?xml version="1.0" encoding="UTF-8"?>
<testsuite xmlns:xsi="http://www.w3.org/2001/XMLSchema-instance" xsi:noNamespaceSchemaLocation="https://maven.apache.org/surefire/maven-surefire-plugin/xsd/surefire-test-report-3.0.xsd" version="3.0" name="TestSuite" time="76.807" tests="6" errors="0" skipped="0" failures="0">
  <properties>
[...]
</properties>
  <testcase name="clickOptionsExplore" classname="com.atmecs.project.script.PageValidation" time="23.024"/>
  <testcase name="clickOptionMoreInfo" classname="com.atmecs.project.script.PageValidation" time="4.691"/>
  <testcase name="clickOptionMoreInfo" classname="com.atmecs.project.script.PageValidation" time="5.26"/>
  <testcase name="clickOptionMoreInfo" classname="com.atmecs.project.script.PageValidation" time="4.357"/>
  <testcase name="clickOptionMoreInfo" classname="com.atmecs.project.script.PageValidation" time="4.242"/>
  <testcase name="clickOptionMoreInfo" classname="com.atmecs.project.script.PageValidation" time="3.642"/>
</testsuite>