#set( $symbol_pound = '#' )
#set( $symbol_dollar = '$' )
#set( $symbol_escape = '\' )
<?xml version="1.0" encoding="UTF-8"?>
<!-- Generated by org.testng.reporters.JUnitXMLReporter -->
<testsuite ignored="0" hostname="ATMECSINLT-028" failures="0" tests="6" name="Test" time="50.358" errors="0" timestamp="2019-10-05T10:20:52 GMT-07:00">
  <testcase classname="${package}.script.PageValidation" name="clickOptionsExplore" time="8.85"/>
  <testcase classname="${package}.script.PageValidation" name="clickOptionMoreInfo" time="4.031"/>
  <testcase classname="${package}.script.PageValidation" name="clickOptionMoreInfo" time="4.487"/>
  <testcase classname="${package}.script.PageValidation" name="clickOptionMoreInfo" time="3.723"/>
  <testcase classname="${package}.script.PageValidation" name="clickOptionMoreInfo" time="4.007"/>
  <testcase classname="${package}.script.PageValidation" name="clickOptionMoreInfo" time="4.94"/>
</testsuite> <!-- Test -->
